<?xml version="1.0" encoding="UTF-8"?>
<!-- Generated by org.testng.reporters.JUnitReportReporter -->
<testsuite hostname="DESKTOP-TLRI4CF" failures="0" tests="1" name="api.testcases.UserTest" time="127.230" errors="0" timestamp="2024-10-04T15:50:51 IST" skipped="0">
  <testcase classname="api.testcases.UserTest" name="createUser" time="127.230"/>
  <system-out/>
</testsuite> <!-- api.testcases.UserTest -->
